<?xml version="1.0" encoding="UTF-8"?>
<!-- Generated by org.testng.reporters.JUnitReportReporter -->
<testsuite hostname="GQC-Pallavi" name="scripts.YahooDemo" tests="2" failures="0" timestamp="6 Jan 2015 05:29:53 GMT" time="0.000" errors="0">
  <testcase name="testYahoo" time="0.000" classname="scripts.YahooDemo"/>
  <testcase name="testYahooLink" time="0.000" classname="scripts.YahooDemo"/>
</testsuite> <!-- scripts.YahooDemo -->
